running develop
running egg_info
creating turtle_commander.egg-info
writing turtle_commander.egg-info/PKG-INFO
writing dependency_links to turtle_commander.egg-info/dependency_links.txt
writing entry points to turtle_commander.egg-info/entry_points.txt
writing requirements to turtle_commander.egg-info/requires.txt
writing top-level names to turtle_commander.egg-info/top_level.txt
writing manifest file 'turtle_commander.egg-info/SOURCES.txt'
reading manifest file 'turtle_commander.egg-info/SOURCES.txt'
writing manifest file 'turtle_commander.egg-info/SOURCES.txt'
running build_ext
Creating /ros2_ws/install/turtle_commander/lib/python3.10/site-packages/turtle-commander.egg-link (link to .)
Installing commander_node script to /ros2_ws/install/turtle_commander/lib/turtle_commander
Installing reset_service_node script to /ros2_ws/install/turtle_commander/lib/turtle_commander

Installed /ros2_ws/build/turtle_commander
running symlink_data
creating /ros2_ws/install/turtle_commander/share/ament_index
creating /ros2_ws/install/turtle_commander/share/ament_index/resource_index
creating /ros2_ws/install/turtle_commander/share/ament_index/resource_index/packages
symbolically linking /ros2_ws/build/turtle_commander/resource/turtle_commander -> /ros2_ws/install/turtle_commander/share/ament_index/resource_index/packages
symbolically linking /ros2_ws/build/turtle_commander/package.xml -> /ros2_ws/install/turtle_commander/share/turtle_commander
creating /ros2_ws/install/turtle_commander/share/turtle_commander/srv
symbolically linking /ros2_ws/build/turtle_commander/srv/ResetTurtle.srv -> /ros2_ws/install/turtle_commander/share/turtle_commander/srv
