[0.312s] Invoking command in '/ros2_ws/build/turtle_commander': PYTHONPATH=/ros2_ws/build/turtle_commander/prefix_override:/usr/lib/python3/dist-packages/colcon_core/task/python/colcon_distutils_commands:/ros2_ws/install/turtle_commander/lib/python3.10/site-packages:${PYTHONPATH} /usr/bin/python3 -W ignore:setup.py install is deprecated -W ignore:easy_install command is deprecated setup.py develop --editable --build-directory /ros2_ws/build/turtle_commander/build --no-deps symlink_data
[0.453s] running develop
[0.504s] running egg_info
[0.504s] creating turtle_commander.egg-info
[0.505s] writing turtle_commander.egg-info/PKG-INFO
[0.505s] writing dependency_links to turtle_commander.egg-info/dependency_links.txt
[0.505s] writing entry points to turtle_commander.egg-info/entry_points.txt
[0.505s] writing requirements to turtle_commander.egg-info/requires.txt
[0.505s] writing top-level names to turtle_commander.egg-info/top_level.txt
[0.505s] writing manifest file 'turtle_commander.egg-info/SOURCES.txt'
[0.506s] reading manifest file 'turtle_commander.egg-info/SOURCES.txt'
[0.507s] writing manifest file 'turtle_commander.egg-info/SOURCES.txt'
[0.507s] running build_ext
[0.508s] Creating /ros2_ws/install/turtle_commander/lib/python3.10/site-packages/turtle-commander.egg-link (link to .)
[0.508s] Installing commander_node script to /ros2_ws/install/turtle_commander/lib/turtle_commander
[0.508s] Installing reset_service_node script to /ros2_ws/install/turtle_commander/lib/turtle_commander
[0.508s] 
[0.508s] Installed /ros2_ws/build/turtle_commander
[0.508s] running symlink_data
[0.509s] creating /ros2_ws/install/turtle_commander/share/ament_index
[0.509s] creating /ros2_ws/install/turtle_commander/share/ament_index/resource_index
[0.509s] creating /ros2_ws/install/turtle_commander/share/ament_index/resource_index/packages
[0.509s] symbolically linking /ros2_ws/build/turtle_commander/resource/turtle_commander -> /ros2_ws/install/turtle_commander/share/ament_index/resource_index/packages
[0.509s] symbolically linking /ros2_ws/build/turtle_commander/package.xml -> /ros2_ws/install/turtle_commander/share/turtle_commander
[0.509s] creating /ros2_ws/install/turtle_commander/share/turtle_commander/srv
[0.509s] symbolically linking /ros2_ws/build/turtle_commander/srv/ResetTurtle.srv -> /ros2_ws/install/turtle_commander/share/turtle_commander/srv
[0.529s] Invoked command in '/ros2_ws/build/turtle_commander' returned '0': PYTHONPATH=/ros2_ws/build/turtle_commander/prefix_override:/usr/lib/python3/dist-packages/colcon_core/task/python/colcon_distutils_commands:/ros2_ws/install/turtle_commander/lib/python3.10/site-packages:${PYTHONPATH} /usr/bin/python3 -W ignore:setup.py install is deprecated -W ignore:easy_install command is deprecated setup.py develop --editable --build-directory /ros2_ws/build/turtle_commander/build --no-deps symlink_data
